<?xml version="1.0" encoding="UTF-8"?>
<!-- Generated by org.testng.reporters.JUnitReportReporter -->
<testsuite hostname="SW00123" failures="0" tests="4" name="E2EFrameWork.E2E" time="42.391" errors="0" timestamp="2024-05-11T19:44:38 IST" skipped="0">
  <testcase classname="E2EFrameWork.E2E" name="submitOrder" time="13.066"/>
  <system-out/>
  <testcase classname="E2EFrameWork.E2E" name="checkOrderHistory" time="8.020"/>
  <system-out/>
  <testcase classname="E2EFrameWork.E2E" name="submitOrder" time="13.817"/>
  <system-out/>
  <testcase classname="E2EFrameWork.E2E" name="checkOrderHistory" time="7.488"/>
  <system-out/>
</testsuite> <!-- E2EFrameWork.E2E -->
