<?xml version="1.0" encoding="UTF-8"?>
<!-- Generated by org.testng.reporters.JUnitReportReporter -->
<testsuite hostname="SW00123" failures="0" tests="4" name="E2EFrameWork.E2E" time="43.089" errors="0" timestamp="2024-05-23T22:08:07 IST" skipped="0">
  <testcase classname="E2EFrameWork.E2E" name="submitOrder" time="13.021"/>
  <testcase classname="E2EFrameWork.E2E" name="checkOrderHistory" time="5.389"/>
  <testcase classname="E2EFrameWork.E2E" name="submitOrder" time="17.209"/>
  <testcase classname="E2EFrameWork.E2E" name="checkOrderHistory" time="7.470"/>
</testsuite> <!-- E2EFrameWork.E2E -->
