<?xml version="1.0" encoding="UTF-8"?>
<!-- Generated by org.testng.reporters.JUnitReportReporter -->
<testsuite hostname="SW00123" failures="0" tests="2" name="E2EFrameWork.ErrorValidations" time="20.227" errors="0" timestamp="2024-05-23T22:08:07 IST" skipped="0">
  <testcase classname="E2EFrameWork.ErrorValidations" name="LoginErrorValidation" time="10.167"/>
  <testcase classname="E2EFrameWork.ErrorValidations" name="CheckItemsInCatalog" time="10.060"/>
</testsuite> <!-- E2EFrameWork.ErrorValidations -->
